{"D:\\_Marishena\\_AutoСourse\\hm-10-students\\successful_student.js": {"path":"D:\\_Marishena\\_AutoСourse\\hm-10-students\\successful_student.js","statementMap":{"0":{"start":{"line":1,"column":23},"end":{"line":26,"column":1}},"1":{"start":{"line":31,"column":16},"end":{"line":31,"column":17}},"2":{"start":{"line":34,"column":2},"end":{"line":34,"column":16}},"3":{"start":{"line":35,"column":26},"end":{"line":35,"column":28}},"4":{"start":{"line":36,"column":17},"end":{"line":36,"column":28}},"5":{"start":{"line":38,"column":2},"end":{"line":54,"column":5}},"6":{"start":{"line":39,"column":4},"end":{"line":53,"column":5}},"7":{"start":{"line":40,"column":6},"end":{"line":40,"column":26}},"8":{"start":{"line":41,"column":6},"end":{"line":41,"column":34}},"9":{"start":{"line":42,"column":6},"end":{"line":42,"column":29}},"10":{"start":{"line":43,"column":6},"end":{"line":43,"column":37}},"11":{"start":{"line":44,"column":11},"end":{"line":53,"column":5}},"12":{"start":{"line":45,"column":6},"end":{"line":45,"column":44}},"13":{"start":{"line":46,"column":6},"end":{"line":52,"column":7}},"14":{"start":{"line":47,"column":8},"end":{"line":47,"column":38}},"15":{"start":{"line":48,"column":8},"end":{"line":48,"column":31}},"16":{"start":{"line":49,"column":8},"end":{"line":49,"column":39}},"17":{"start":{"line":50,"column":13},"end":{"line":52,"column":7}},"18":{"start":{"line":51,"column":8},"end":{"line":51,"column":39}},"19":{"start":{"line":56,"column":2},"end":{"line":56,"column":27}},"20":{"start":{"line":74,"column":0},"end":{"line":74,"column":45}}},"fnMap":{"0":{"name":"calculationOfTheBestStudent","decl":{"start":{"line":33,"column":9},"end":{"line":33,"column":36}},"loc":{"start":{"line":33,"column":60},"end":{"line":57,"column":1}},"line":33},"1":{"name":"(anonymous_1)","decl":{"start":{"line":38,"column":32},"end":{"line":38,"column":33}},"loc":{"start":{"line":38,"column":39},"end":{"line":54,"column":3}},"line":38}},"branchMap":{"0":{"loc":{"start":{"line":39,"column":4},"end":{"line":53,"column":5}},"type":"if","locations":[{"start":{"line":39,"column":4},"end":{"line":53,"column":5}},{"start":{"line":44,"column":11},"end":{"line":53,"column":5}}],"line":39},"1":{"loc":{"start":{"line":44,"column":11},"end":{"line":53,"column":5}},"type":"if","locations":[{"start":{"line":44,"column":11},"end":{"line":53,"column":5}},{"start":{},"end":{}}],"line":44},"2":{"loc":{"start":{"line":46,"column":6},"end":{"line":52,"column":7}},"type":"if","locations":[{"start":{"line":46,"column":6},"end":{"line":52,"column":7}},{"start":{"line":50,"column":13},"end":{"line":52,"column":7}}],"line":46},"3":{"loc":{"start":{"line":50,"column":13},"end":{"line":52,"column":7}},"type":"if","locations":[{"start":{"line":50,"column":13},"end":{"line":52,"column":7}},{"start":{},"end":{}}],"line":50}},"s":{"0":1,"1":1,"2":4,"3":4,"4":4,"5":4,"6":24,"7":3,"8":3,"9":3,"10":3,"11":21,"12":11,"13":11,"14":1,"15":1,"16":1,"17":10,"18":1,"19":4,"20":1},"f":{"0":4,"1":24},"b":{"0":[3,21],"1":[11,10],"2":[1,10],"3":[1,9]},"_coverageSchema":"1a1c01bbd47fc00a2c39e90264f33305004495a9","hash":"436123f1bcdc9930c939d582623fa7a8eec25b2f"}
}
